<?xml version="1.0" encoding="UTF-8"?>
<!-- Generated by org.testng.reporters.JUnitReportReporter -->
<testsuite skipped="0" hostname="DESKTOP-LLLGMOJ" name="exdentreport.ExtentDemo" tests="1" failures="0" timestamp="2022-05-07T09:48:54 IST" time="9.653" errors="0">
  <testcase name="extentReportsDemo" time="9.653" classname="exdentreport.ExtentDemo"/>
  <system-out/>
</testsuite> <!-- exdentreport.ExtentDemo -->
